

Microchip MPLAB XC8 Assembler V2.31 build 20201012212115 
                                                                                               Sun Aug 01 16:42:33 2021

Microchip MPLAB XC8 C Compiler v2.31 (Free license) build 20201012212115 Og1 
     1                           	processor	16F887
     2                           	pagewidth 120
     3                           	opt	flic
     4                           	psect	cinit,global,class=CODE,merge=1,delta=2
     5                           	psect	bssCOMMON,global,class=COMMON,space=1,delta=1,noexec
     6                           	psect	bssBANK0,global,class=BANK0,space=1,delta=1,noexec
     7                           	psect	cstackCOMMON,global,class=COMMON,space=1,delta=1,noexec
     8                           	psect	cstackBANK0,global,class=BANK0,space=1,delta=1,noexec
     9                           	psect	maintext,global,class=CODE,split=1,delta=2
    10                           	psect	text1,local,class=CODE,merge=1,delta=2
    11                           	psect	text2,local,class=CODE,merge=1,delta=2
    12                           	psect	text3,local,class=CODE,merge=1,delta=2
    13                           	psect	text4,local,class=CODE,merge=1,delta=2
    14                           	psect	text5,local,class=CODE,merge=1,delta=2
    15                           	psect	intentry,global,class=CODE,delta=2
    16                           	psect	text6,local,class=CODE,merge=1,delta=2
    17                           	psect	config,global,abs,ovrld,class=CONFIG,space=4,delta=2,noexec
    18                           	dabs	1,0x7E,2
    19  0000                     
    20                           ; Version 2.20
    21                           ; Generated 12/02/2020 GMT
    22                           ; 
    23                           ; Copyright © 2020, Microchip Technology Inc. and its subsidiaries ("Microchip")
    24                           ; All rights reserved.
    25                           ; 
    26                           ; This software is developed by Microchip Technology Inc. and its subsidiaries ("Microch
      +                          ip").
    27                           ; 
    28                           ; Redistribution and use in source and binary forms, with or without modification, are
    29                           ; permitted provided that the following conditions are met:
    30                           ; 
    31                           ;     1. Redistributions of source code must retain the above copyright notice, this lis
      +                          t of
    32                           ;        conditions and the following disclaimer.
    33                           ; 
    34                           ;     2. Redistributions in binary form must reproduce the above copyright notice, this 
      +                          list
    35                           ;        of conditions and the following disclaimer in the documentation and/or other
    36                           ;        materials provided with the distribution.
    37                           ; 
    38                           ;     3. Microchip's name may not be used to endorse or promote products derived from th
      +                          is
    39                           ;        software without specific prior written permission.
    40                           ; 
    41                           ; THIS SOFTWARE IS PROVIDED BY MICROCHIP "AS IS" AND ANY EXPRESS OR IMPLIED WARRANTIES,
    42                           ; INCLUDING, BUT NOT LIMITED TO, THE IMPLIED WARRANTIES OF MERCHANTABILITY AND FITNESS F
      +                          OR
    43                           ; PURPOSE ARE DISCLAIMED.  IN NO EVENT SHALL MICROCHIP BE LIABLE FOR ANY DIRECT, INDIREC
      +                          T,
    44                           ; INCIDENTAL, SPECIAL, EXEMPLARY, OR CONSEQUENTIAL DAMAGES (INCLUDING BUT NOT LIMITED TO
    45                           ; PROCUREMENT OF SUBSTITUTE GOODS OR SERVICES; LOSS OF USE, DATA OR PROFITS; OR BUSINESS
    46                           ; INTERRUPTION) HOWSOEVER CAUSED AND ON ANY THEORY OF LIABILITY, WHETHER IN CONTRACT, ST
      +                          RICT
    47                           ; LIABILITY, OR TORT (INCLUDING NEGLIGENCE OR OTHERWISE) ARISING IN ANY WAY OUT OF THE U
      +                          SE OF
    48                           ; THIS SOFTWARE, EVEN IF ADVISED OF THE POSSIBILITY OF SUCH DAMAGE.
    49                           ; 
    50                           ; 
    51                           ; Code-generator required, PIC16F887 Definitions
    52                           ; 
    53                           ; SFR Addresses
    54  0000                     	;# 
    55  0001                     	;# 
    56  0002                     	;# 
    57  0003                     	;# 
    58  0004                     	;# 
    59  0005                     	;# 
    60  0006                     	;# 
    61  0007                     	;# 
    62  0008                     	;# 
    63  0009                     	;# 
    64  000A                     	;# 
    65  000B                     	;# 
    66  000C                     	;# 
    67  000D                     	;# 
    68  000E                     	;# 
    69  000E                     	;# 
    70  000F                     	;# 
    71  0010                     	;# 
    72  0011                     	;# 
    73  0012                     	;# 
    74  0013                     	;# 
    75  0014                     	;# 
    76  0015                     	;# 
    77  0015                     	;# 
    78  0016                     	;# 
    79  0017                     	;# 
    80  0018                     	;# 
    81  0019                     	;# 
    82  001A                     	;# 
    83  001B                     	;# 
    84  001B                     	;# 
    85  001C                     	;# 
    86  001D                     	;# 
    87  001E                     	;# 
    88  001F                     	;# 
    89  0081                     	;# 
    90  0085                     	;# 
    91  0086                     	;# 
    92  0087                     	;# 
    93  0088                     	;# 
    94  0089                     	;# 
    95  008C                     	;# 
    96  008D                     	;# 
    97  008E                     	;# 
    98  008F                     	;# 
    99  0090                     	;# 
   100  0091                     	;# 
   101  0092                     	;# 
   102  0093                     	;# 
   103  0093                     	;# 
   104  0093                     	;# 
   105  0094                     	;# 
   106  0095                     	;# 
   107  0096                     	;# 
   108  0097                     	;# 
   109  0098                     	;# 
   110  0099                     	;# 
   111  009A                     	;# 
   112  009B                     	;# 
   113  009C                     	;# 
   114  009D                     	;# 
   115  009E                     	;# 
   116  009F                     	;# 
   117  0105                     	;# 
   118  0107                     	;# 
   119  0108                     	;# 
   120  0109                     	;# 
   121  010C                     	;# 
   122  010C                     	;# 
   123  010D                     	;# 
   124  010E                     	;# 
   125  010F                     	;# 
   126  0185                     	;# 
   127  0187                     	;# 
   128  0188                     	;# 
   129  0189                     	;# 
   130  018C                     	;# 
   131  018D                     	;# 
   132  0000                     	;# 
   133  0001                     	;# 
   134  0002                     	;# 
   135  0003                     	;# 
   136  0004                     	;# 
   137  0005                     	;# 
   138  0006                     	;# 
   139  0007                     	;# 
   140  0008                     	;# 
   141  0009                     	;# 
   142  000A                     	;# 
   143  000B                     	;# 
   144  000C                     	;# 
   145  000D                     	;# 
   146  000E                     	;# 
   147  000E                     	;# 
   148  000F                     	;# 
   149  0010                     	;# 
   150  0011                     	;# 
   151  0012                     	;# 
   152  0013                     	;# 
   153  0014                     	;# 
   154  0015                     	;# 
   155  0015                     	;# 
   156  0016                     	;# 
   157  0017                     	;# 
   158  0018                     	;# 
   159  0019                     	;# 
   160  001A                     	;# 
   161  001B                     	;# 
   162  001B                     	;# 
   163  001C                     	;# 
   164  001D                     	;# 
   165  001E                     	;# 
   166  001F                     	;# 
   167  0081                     	;# 
   168  0085                     	;# 
   169  0086                     	;# 
   170  0087                     	;# 
   171  0088                     	;# 
   172  0089                     	;# 
   173  008C                     	;# 
   174  008D                     	;# 
   175  008E                     	;# 
   176  008F                     	;# 
   177  0090                     	;# 
   178  0091                     	;# 
   179  0092                     	;# 
   180  0093                     	;# 
   181  0093                     	;# 
   182  0093                     	;# 
   183  0094                     	;# 
   184  0095                     	;# 
   185  0096                     	;# 
   186  0097                     	;# 
   187  0098                     	;# 
   188  0099                     	;# 
   189  009A                     	;# 
   190  009B                     	;# 
   191  009C                     	;# 
   192  009D                     	;# 
   193  009E                     	;# 
   194  009F                     	;# 
   195  0105                     	;# 
   196  0107                     	;# 
   197  0108                     	;# 
   198  0109                     	;# 
   199  010C                     	;# 
   200  010C                     	;# 
   201  010D                     	;# 
   202  010E                     	;# 
   203  010F                     	;# 
   204  0185                     	;# 
   205  0187                     	;# 
   206  0188                     	;# 
   207  0189                     	;# 
   208  018C                     	;# 
   209  018D                     	;# 
   210  0000                     	;# 
   211  0001                     	;# 
   212  0002                     	;# 
   213  0003                     	;# 
   214  0004                     	;# 
   215  0005                     	;# 
   216  0006                     	;# 
   217  0007                     	;# 
   218  0008                     	;# 
   219  0009                     	;# 
   220  000A                     	;# 
   221  000B                     	;# 
   222  000C                     	;# 
   223  000D                     	;# 
   224  000E                     	;# 
   225  000E                     	;# 
   226  000F                     	;# 
   227  0010                     	;# 
   228  0011                     	;# 
   229  0012                     	;# 
   230  0013                     	;# 
   231  0014                     	;# 
   232  0015                     	;# 
   233  0015                     	;# 
   234  0016                     	;# 
   235  0017                     	;# 
   236  0018                     	;# 
   237  0019                     	;# 
   238  001A                     	;# 
   239  001B                     	;# 
   240  001B                     	;# 
   241  001C                     	;# 
   242  001D                     	;# 
   243  001E                     	;# 
   244  001F                     	;# 
   245  0081                     	;# 
   246  0085                     	;# 
   247  0086                     	;# 
   248  0087                     	;# 
   249  0088                     	;# 
   250  0089                     	;# 
   251  008C                     	;# 
   252  008D                     	;# 
   253  008E                     	;# 
   254  008F                     	;# 
   255  0090                     	;# 
   256  0091                     	;# 
   257  0092                     	;# 
   258  0093                     	;# 
   259  0093                     	;# 
   260  0093                     	;# 
   261  0094                     	;# 
   262  0095                     	;# 
   263  0096                     	;# 
   264  0097                     	;# 
   265  0098                     	;# 
   266  0099                     	;# 
   267  009A                     	;# 
   268  009B                     	;# 
   269  009C                     	;# 
   270  009D                     	;# 
   271  009E                     	;# 
   272  009F                     	;# 
   273  0105                     	;# 
   274  0107                     	;# 
   275  0108                     	;# 
   276  0109                     	;# 
   277  010C                     	;# 
   278  010C                     	;# 
   279  010D                     	;# 
   280  010E                     	;# 
   281  010F                     	;# 
   282  0185                     	;# 
   283  0187                     	;# 
   284  0188                     	;# 
   285  0189                     	;# 
   286  018C                     	;# 
   287  018D                     	;# 
   288  0000                     	;# 
   289  0001                     	;# 
   290  0002                     	;# 
   291  0003                     	;# 
   292  0004                     	;# 
   293  0005                     	;# 
   294  0006                     	;# 
   295  0007                     	;# 
   296  0008                     	;# 
   297  0009                     	;# 
   298  000A                     	;# 
   299  000B                     	;# 
   300  000C                     	;# 
   301  000D                     	;# 
   302  000E                     	;# 
   303  000E                     	;# 
   304  000F                     	;# 
   305  0010                     	;# 
   306  0011                     	;# 
   307  0012                     	;# 
   308  0013                     	;# 
   309  0014                     	;# 
   310  0015                     	;# 
   311  0015                     	;# 
   312  0016                     	;# 
   313  0017                     	;# 
   314  0018                     	;# 
   315  0019                     	;# 
   316  001A                     	;# 
   317  001B                     	;# 
   318  001B                     	;# 
   319  001C                     	;# 
   320  001D                     	;# 
   321  001E                     	;# 
   322  001F                     	;# 
   323  0081                     	;# 
   324  0085                     	;# 
   325  0086                     	;# 
   326  0087                     	;# 
   327  0088                     	;# 
   328  0089                     	;# 
   329  008C                     	;# 
   330  008D                     	;# 
   331  008E                     	;# 
   332  008F                     	;# 
   333  0090                     	;# 
   334  0091                     	;# 
   335  0092                     	;# 
   336  0093                     	;# 
   337  0093                     	;# 
   338  0093                     	;# 
   339  0094                     	;# 
   340  0095                     	;# 
   341  0096                     	;# 
   342  0097                     	;# 
   343  0098                     	;# 
   344  0099                     	;# 
   345  009A                     	;# 
   346  009B                     	;# 
   347  009C                     	;# 
   348  009D                     	;# 
   349  009E                     	;# 
   350  009F                     	;# 
   351  0105                     	;# 
   352  0107                     	;# 
   353  0108                     	;# 
   354  0109                     	;# 
   355  010C                     	;# 
   356  010C                     	;# 
   357  010D                     	;# 
   358  010E                     	;# 
   359  010F                     	;# 
   360  0185                     	;# 
   361  0187                     	;# 
   362  0188                     	;# 
   363  0189                     	;# 
   364  018C                     	;# 
   365  018D                     	;# 
   366  0000                     	;# 
   367  0001                     	;# 
   368  0002                     	;# 
   369  0003                     	;# 
   370  0004                     	;# 
   371  0005                     	;# 
   372  0006                     	;# 
   373  0007                     	;# 
   374  0008                     	;# 
   375  0009                     	;# 
   376  000A                     	;# 
   377  000B                     	;# 
   378  000C                     	;# 
   379  000D                     	;# 
   380  000E                     	;# 
   381  000E                     	;# 
   382  000F                     	;# 
   383  0010                     	;# 
   384  0011                     	;# 
   385  0012                     	;# 
   386  0013                     	;# 
   387  0014                     	;# 
   388  0015                     	;# 
   389  0015                     	;# 
   390  0016                     	;# 
   391  0017                     	;# 
   392  0018                     	;# 
   393  0019                     	;# 
   394  001A                     	;# 
   395  001B                     	;# 
   396  001B                     	;# 
   397  001C                     	;# 
   398  001D                     	;# 
   399  001E                     	;# 
   400  001F                     	;# 
   401  0081                     	;# 
   402  0085                     	;# 
   403  0086                     	;# 
   404  0087                     	;# 
   405  0088                     	;# 
   406  0089                     	;# 
   407  008C                     	;# 
   408  008D                     	;# 
   409  008E                     	;# 
   410  008F                     	;# 
   411  0090                     	;# 
   412  0091                     	;# 
   413  0092                     	;# 
   414  0093                     	;# 
   415  0093                     	;# 
   416  0093                     	;# 
   417  0094                     	;# 
   418  0095                     	;# 
   419  0096                     	;# 
   420  0097                     	;# 
   421  0098                     	;# 
   422  0099                     	;# 
   423  009A                     	;# 
   424  009B                     	;# 
   425  009C                     	;# 
   426  009D                     	;# 
   427  009E                     	;# 
   428  009F                     	;# 
   429  0105                     	;# 
   430  0107                     	;# 
   431  0108                     	;# 
   432  0109                     	;# 
   433  010C                     	;# 
   434  010C                     	;# 
   435  010D                     	;# 
   436  010E                     	;# 
   437  010F                     	;# 
   438  0185                     	;# 
   439  0187                     	;# 
   440  0188                     	;# 
   441  0189                     	;# 
   442  018C                     	;# 
   443  018D                     	;# 
   444  0013                     _SSPBUF	set	19
   445  0014                     _SSPCON	set	20
   446  0008                     _PORTD	set	8
   447  001E                     _ADRESH	set	30
   448  001F                     _ADCON0bits	set	31
   449  0006                     _PORTB	set	6
   450  000C                     _PIR1bits	set	12
   451  0001                     _TMR0	set	1
   452  000B                     _INTCONbits	set	11
   453  0094                     _SSPSTATbits	set	148
   454  0094                     _SSPSTAT	set	148
   455  0087                     _TRISCbits	set	135
   456  008F                     _OSCCONbits	set	143
   457  009F                     _ADCON1bits	set	159
   458  008C                     _PIE1bits	set	140
   459  0081                     _OPTION_REGbits	set	129
   460  0088                     _TRISD	set	136
   461  0086                     _TRISB	set	134
   462  0085                     _TRISAbits	set	133
   463  043B                     _TRISC3	set	1083
   464  0188                     _ANSELbits	set	392
   465  0189                     _ANSELH	set	393
   466  0188                     _ANSEL	set	392
   467                           
   468                           	psect	cinit
   469  0011                     start_initialization:	
   470                           ; #config settings
   471                           
   472  0011                     __initialization:
   473                           
   474                           ; Clear objects allocated to COMMON
   475  0011  01F7               	clrf	__pbssCOMMON& (0+127)
   476  0012  01F8               	clrf	(__pbssCOMMON+1)& (0+127)
   477  0013  01F9               	clrf	(__pbssCOMMON+2)& (0+127)
   478                           
   479                           ; Clear objects allocated to BANK0
   480  0014  1283               	bcf	3,5	;RP0=0, select bank0
   481  0015  1303               	bcf	3,6	;RP1=0, select bank0
   482  0016  01A5               	clrf	__pbssBANK0& (0+127)
   483  0017                     end_of_initialization:	
   484                           ;End of C runtime variable initialization code
   485                           
   486  0017                     __end_of__initialization:
   487  0017  0183               	clrf	3
   488  0018  120A  118A  292B   	ljmp	_main	;jump to C main() function
   489                           
   490                           	psect	bssCOMMON
   491  0077                     __pbssCOMMON:
   492  0077                     _conversion2:
   493  0077                     	ds	1
   494  0078                     _cuenta2_timer0:
   495  0078                     	ds	1
   496  0079                     _cuenta1_timer0:
   497  0079                     	ds	1
   498                           
   499                           	psect	bssBANK0
   500  0025                     __pbssBANK0:
   501  0025                     _conversion1:
   502  0025                     	ds	1
   503                           
   504                           	psect	cstackCOMMON
   505  0070                     __pcstackCOMMON:
   506  0070                     ?_spiWrite:
   507  0070                     ??_spiWrite:	
   508                           ; 1 bytes @ 0x0
   509                           
   510  0070                     ?_setup:	
   511                           ; 1 bytes @ 0x0
   512                           
   513  0070                     ?_osc_config:	
   514                           ; 1 bytes @ 0x0
   515                           
   516  0070                     ?_ADC_config:	
   517                           ; 1 bytes @ 0x0
   518                           
   519  0070                     ?_isr:	
   520                           ; 1 bytes @ 0x0
   521                           
   522  0070                     ?_main:	
   523                           ; 1 bytes @ 0x0
   524                           
   525  0070                     spiWrite@dat:	
   526                           ; 1 bytes @ 0x0
   527                           
   528                           
   529                           ; 1 bytes @ 0x0
   530  0070                     	ds	1
   531  0071                     ??_isr:
   532                           
   533                           ; 1 bytes @ 0x1
   534  0071                     	ds	6
   535                           
   536                           	psect	cstackBANK0
   537  0020                     __pcstackBANK0:
   538  0020                     ??_osc_config:
   539  0020                     ??_ADC_config:	
   540                           ; 1 bytes @ 0x0
   541                           
   542  0020                     ?_spiInit:	
   543                           ; 1 bytes @ 0x0
   544                           
   545  0020                     spiInit@sDataSample:	
   546                           ; 1 bytes @ 0x0
   547                           
   548                           
   549                           ; 1 bytes @ 0x0
   550  0020                     	ds	1
   551  0021                     spiInit@sClockIdle:
   552                           
   553                           ; 1 bytes @ 0x1
   554  0021                     	ds	1
   555  0022                     osc_config@freq:
   556  0022                     spiInit@sTransmitEdge:	
   557                           ; 1 bytes @ 0x2
   558                           
   559                           
   560                           ; 1 bytes @ 0x2
   561  0022                     	ds	1
   562  0023                     ??_spiInit:
   563  0023                     spiInit@sType:	
   564                           ; 1 bytes @ 0x3
   565                           
   566                           
   567                           ; 1 bytes @ 0x3
   568  0023                     	ds	1
   569  0024                     ??_setup:
   570  0024                     ??_main:	
   571                           ; 1 bytes @ 0x4
   572                           
   573                           
   574                           ; 1 bytes @ 0x4
   575  0024                     	ds	1
   576                           
   577                           	psect	maintext
   578  012B                     __pmaintext:	
   579 ;;
   580 ;;Main: autosize = 0, tempsize = 1, incstack = 0, save=0
   581 ;;
   582 ;; *************** function _main *****************
   583 ;; Defined at:
   584 ;;		line 108 in file "Main_asistente.c"
   585 ;; Parameters:    Size  Location     Type
   586 ;;		None
   587 ;; Auto vars:     Size  Location     Type
   588 ;;		None
   589 ;; Return value:  Size  Location     Type
   590 ;;                  1    wreg      void 
   591 ;; Registers used:
   592 ;;		wreg, fsr0l, fsr0h, status,2, status,0, pclath, cstack
   593 ;; Tracked objects:
   594 ;;		On entry : B00/0
   595 ;;		On exit  : 0/0
   596 ;;		Unchanged: 0/0
   597 ;; Data sizes:     COMMON   BANK0   BANK1   BANK3   BANK2
   598 ;;      Params:         0       0       0       0       0
   599 ;;      Locals:         0       0       0       0       0
   600 ;;      Temps:          0       1       0       0       0
   601 ;;      Totals:         0       1       0       0       0
   602 ;;Total ram usage:        1 bytes
   603 ;; Hardware stack levels required when called:    4
   604 ;; This function calls:
   605 ;;		_setup
   606 ;; This function is called by:
   607 ;;		Startup code after reset
   608 ;; This function uses a non-reentrant model
   609 ;;
   610                           
   611                           
   612                           ;psect for function _main
   613  012B                     _main:
   614  012B                     l1166:	
   615                           ;incstack = 0
   616                           ; Regs used in _main: [wreg-fsr0h+status,2+status,0+pclath+cstack]
   617                           
   618                           
   619                           ;Main_asistente.c: 110:     setup();
   620  012B  120A  118A  2079  120A  118A  	fcall	_setup
   621  0130                     l1168:
   622                           
   623                           ;Main_asistente.c: 111:     _delay((unsigned long)((100)*(4000000/4000000.0)));
   624  0130  3020               	movlw	32
   625  0131  1283               	bcf	3,5	;RP0=0, select bank0
   626  0132  1303               	bcf	3,6	;RP1=0, select bank0
   627  0133  00A4               	movwf	??_main
   628  0134                     u137:
   629  0134  0BA4               	decfsz	??_main,f
   630  0135  2934               	goto	u137
   631  0136  0000               	nop
   632  0137                     l1170:
   633                           
   634                           ;Main_asistente.c: 112:     ADCON0bits.GO=1;
   635  0137  1283               	bcf	3,5	;RP0=0, select bank0
   636  0138  1303               	bcf	3,6	;RP1=0, select bank0
   637  0139  149F               	bsf	31,1	;volatile
   638  013A                     l1172:
   639                           
   640                           ;Main_asistente.c: 114:     {;Main_asistente.c: 115:         PORTB=conversion1;
   641  013A  0825               	movf	_conversion1,w
   642  013B  0086               	movwf	6	;volatile
   643  013C  293A               	goto	l1172
   644  013D  120A  118A  280E   	ljmp	start
   645  0140                     __end_of_main:
   646                           
   647                           	psect	text1
   648  0079                     __ptext1:	
   649 ;; *************** function _setup *****************
   650 ;; Defined at:
   651 ;;		line 134 in file "Main_asistente.c"
   652 ;; Parameters:    Size  Location     Type
   653 ;;		None
   654 ;; Auto vars:     Size  Location     Type
   655 ;;		None
   656 ;; Return value:  Size  Location     Type
   657 ;;                  1    wreg      void 
   658 ;; Registers used:
   659 ;;		wreg, fsr0l, fsr0h, status,2, status,0, pclath, cstack
   660 ;; Tracked objects:
   661 ;;		On entry : 0/0
   662 ;;		On exit  : 0/0
   663 ;;		Unchanged: 0/0
   664 ;; Data sizes:     COMMON   BANK0   BANK1   BANK3   BANK2
   665 ;;      Params:         0       0       0       0       0
   666 ;;      Locals:         0       0       0       0       0
   667 ;;      Temps:          0       0       0       0       0
   668 ;;      Totals:         0       0       0       0       0
   669 ;;Total ram usage:        0 bytes
   670 ;; Hardware stack levels used:    1
   671 ;; Hardware stack levels required when called:    3
   672 ;; This function calls:
   673 ;;		_ADC_config
   674 ;;		_osc_config
   675 ;;		_spiInit
   676 ;; This function is called by:
   677 ;;		_main
   678 ;; This function uses a non-reentrant model
   679 ;;
   680                           
   681                           
   682                           ;psect for function _setup
   683  0079                     _setup:
   684  0079                     l1120:	
   685                           ;incstack = 0
   686                           ; Regs used in _setup: [wreg-fsr0h+status,2+status,0+pclath+cstack]
   687                           
   688                           
   689                           ;Main_asistente.c: 137:     ANSEL=0;
   690  0079  1683               	bsf	3,5	;RP0=1, select bank3
   691  007A  1703               	bsf	3,6	;RP1=1, select bank3
   692  007B  0188               	clrf	8	;volatile
   693                           
   694                           ;Main_asistente.c: 138:     ANSELH=0;
   695  007C  0189               	clrf	9	;volatile
   696  007D                     l1122:
   697                           
   698                           ;Main_asistente.c: 139:     ANSELbits.ANS0=1;
   699  007D  1408               	bsf	8,0	;volatile
   700  007E                     l1124:
   701                           
   702                           ;Main_asistente.c: 140:     ANSELbits.ANS1=1;
   703  007E  1488               	bsf	8,1	;volatile
   704  007F                     l1126:
   705                           
   706                           ;Main_asistente.c: 143:     TRISAbits.TRISA0=1;
   707  007F  1683               	bsf	3,5	;RP0=1, select bank1
   708  0080  1303               	bcf	3,6	;RP1=0, select bank1
   709  0081  1405               	bsf	5,0	;volatile
   710  0082                     l1128:
   711                           
   712                           ;Main_asistente.c: 144:     TRISAbits.TRISA1=1;
   713  0082  1485               	bsf	5,1	;volatile
   714  0083                     l1130:
   715                           
   716                           ;Main_asistente.c: 145:     TRISAbits.TRISA5=1;
   717  0083  1685               	bsf	5,5	;volatile
   718                           
   719                           ;Main_asistente.c: 146:     TRISB=0;
   720  0084  0186               	clrf	6	;volatile
   721                           
   722                           ;Main_asistente.c: 147:     TRISD=0;
   723  0085  0188               	clrf	8	;volatile
   724                           
   725                           ;Main_asistente.c: 150:     PORTB=0;
   726  0086  1283               	bcf	3,5	;RP0=0, select bank0
   727  0087  1303               	bcf	3,6	;RP1=0, select bank0
   728  0088  0186               	clrf	6	;volatile
   729                           
   730                           ;Main_asistente.c: 151:     PORTD=0;
   731  0089  0188               	clrf	8	;volatile
   732  008A                     l1132:
   733                           
   734                           ;Main_asistente.c: 154:     OPTION_REGbits.T0CS = 0;
   735  008A  1683               	bsf	3,5	;RP0=1, select bank1
   736  008B  1303               	bcf	3,6	;RP1=0, select bank1
   737  008C  1281               	bcf	1,5	;volatile
   738  008D                     l1134:
   739                           
   740                           ;Main_asistente.c: 155:     OPTION_REGbits.T0SE = 0;
   741  008D  1201               	bcf	1,4	;volatile
   742  008E                     l1136:
   743                           
   744                           ;Main_asistente.c: 156:     OPTION_REGbits.PSA = 0;
   745  008E  1181               	bcf	1,3	;volatile
   746  008F                     l1138:
   747                           
   748                           ;Main_asistente.c: 157:     OPTION_REGbits.PS2 = 1;
   749  008F  1501               	bsf	1,2	;volatile
   750  0090                     l1140:
   751                           
   752                           ;Main_asistente.c: 158:     OPTION_REGbits.PS1 = 1;
   753  0090  1481               	bsf	1,1	;volatile
   754  0091                     l1142:
   755                           
   756                           ;Main_asistente.c: 159:     OPTION_REGbits.PS0 = 1;
   757  0091  1401               	bsf	1,0	;volatile
   758  0092                     l1144:
   759                           
   760                           ;Main_asistente.c: 160:     TMR0 = 255;
   761  0092  30FF               	movlw	255
   762  0093  1283               	bcf	3,5	;RP0=0, select bank0
   763  0094  1303               	bcf	3,6	;RP1=0, select bank0
   764  0095  0081               	movwf	1	;volatile
   765  0096                     l1146:
   766                           
   767                           ;Main_asistente.c: 164:     osc_config(4);
   768  0096  3004               	movlw	4
   769  0097  120A  118A  20BC  120A  118A  	fcall	_osc_config
   770  009C                     l1148:
   771                           
   772                           ;Main_asistente.c: 165:     ADC_config();
   773  009C  120A  118A  2113  120A  118A  	fcall	_ADC_config
   774  00A1                     l1150:
   775                           
   776                           ;Main_asistente.c: 166:     spiInit(SPI_SLAVE_SS_EN, SPI_DATA_SAMPLE_MIDDLE, SPI_CLOCK_I
      +                          DLE_LOW, SPI_IDLE_2_ACTIVE);
   777  00A1  1283               	bcf	3,5	;RP0=0, select bank0
   778  00A2  1303               	bcf	3,6	;RP1=0, select bank0
   779  00A3  01A0               	clrf	spiInit@sDataSample
   780  00A4  01A1               	clrf	spiInit@sClockIdle
   781  00A5  01A2               	clrf	spiInit@sTransmitEdge
   782  00A6  3024               	movlw	36
   783  00A7  120A  118A  20F5  120A  118A  	fcall	_spiInit
   784  00AC                     l1152:
   785                           
   786                           ;Main_asistente.c: 169:     INTCONbits.GIE=1;
   787  00AC  178B               	bsf	11,7	;volatile
   788  00AD                     l1154:
   789                           
   790                           ;Main_asistente.c: 170:     INTCONbits.T0IE=1;
   791  00AD  168B               	bsf	11,5	;volatile
   792  00AE                     l1156:
   793                           
   794                           ;Main_asistente.c: 171:     INTCONbits.T0IF=0;
   795  00AE  110B               	bcf	11,2	;volatile
   796  00AF                     l1158:
   797                           
   798                           ;Main_asistente.c: 172:     PIE1bits.ADIE=1;
   799  00AF  1683               	bsf	3,5	;RP0=1, select bank1
   800  00B0  1303               	bcf	3,6	;RP1=0, select bank1
   801  00B1  170C               	bsf	12,6	;volatile
   802  00B2                     l1160:
   803                           
   804                           ;Main_asistente.c: 173:     PIR1bits.ADIF=0;
   805  00B2  1283               	bcf	3,5	;RP0=0, select bank0
   806  00B3  1303               	bcf	3,6	;RP1=0, select bank0
   807  00B4  130C               	bcf	12,6	;volatile
   808  00B5                     l1162:
   809                           
   810                           ;Main_asistente.c: 174:     PIE1bits.SSPIE = 1;
   811  00B5  1683               	bsf	3,5	;RP0=1, select bank1
   812  00B6  1303               	bcf	3,6	;RP1=0, select bank1
   813  00B7  158C               	bsf	12,3	;volatile
   814  00B8                     l1164:
   815                           
   816                           ;Main_asistente.c: 175:     PIR1bits.SSPIF = 0;
   817  00B8  1283               	bcf	3,5	;RP0=0, select bank0
   818  00B9  1303               	bcf	3,6	;RP1=0, select bank0
   819  00BA  118C               	bcf	12,3	;volatile
   820  00BB                     l74:
   821  00BB  0008               	return
   822  00BC                     __end_of_setup:
   823                           
   824                           	psect	text2
   825  00F5                     __ptext2:	
   826 ;; *************** function _spiInit *****************
   827 ;; Defined at:
   828 ;;		line 21 in file "C:/Users/Andy Bonilla/Documents/GitHub/ED2/Lab3_ED2/Lab3_asistente.X/SPI_config.c"
   829 ;; Parameters:    Size  Location     Type
   830 ;;  sType           1    wreg     enum E1292
   831 ;;  sDataSample     1    0[BANK0 ] enum E1300
   832 ;;  sClockIdle      1    1[BANK0 ] enum E1304
   833 ;;  sTransmitEdg    1    2[BANK0 ] enum E1308
   834 ;; Auto vars:     Size  Location     Type
   835 ;;  sType           1    3[BANK0 ] enum E1292
   836 ;; Return value:  Size  Location     Type
   837 ;;                  1    wreg      void 
   838 ;; Registers used:
   839 ;;		wreg, status,2, status,0
   840 ;; Tracked objects:
   841 ;;		On entry : 0/0
   842 ;;		On exit  : 0/0
   843 ;;		Unchanged: 0/0
   844 ;; Data sizes:     COMMON   BANK0   BANK1   BANK3   BANK2
   845 ;;      Params:         0       3       0       0       0
   846 ;;      Locals:         0       1       0       0       0
   847 ;;      Temps:          0       0       0       0       0
   848 ;;      Totals:         0       4       0       0       0
   849 ;;Total ram usage:        4 bytes
   850 ;; Hardware stack levels used:    1
   851 ;; Hardware stack levels required when called:    2
   852 ;; This function calls:
   853 ;;		Nothing
   854 ;; This function is called by:
   855 ;;		_setup
   856 ;; This function uses a non-reentrant model
   857 ;;
   858                           
   859                           
   860                           ;psect for function _spiInit
   861  00F5                     _spiInit:
   862                           
   863                           ;incstack = 0
   864                           ; Regs used in _spiInit: [wreg+status,2+status,0]
   865                           ;spiInit@sType stored from wreg
   866  00F5  1283               	bcf	3,5	;RP0=0, select bank0
   867  00F6  1303               	bcf	3,6	;RP1=0, select bank0
   868  00F7  00A3               	movwf	spiInit@sType
   869  00F8                     l1110:
   870                           
   871                           ;C:/Users/Andy Bonilla/Documents/GitHub/ED2/Lab3_ED2/Lab3_asistente.X/SPI_config.c: 21: 
      +                          void spiInit(Spi_Type sType, Spi_Data_Sample sDataSample, Spi_Clock_Idle sClockIdle, Spi
      +                          _Transmit_Edge sTransmitEdge);C:/Users/Andy Bonilla/Documents/GitHub/ED2/Lab3_ED2/Lab3_a
      +                          sistente.X/SPI_config.c: 22: {;C:/Users/Andy Bonilla/Documents/GitHub/ED2/Lab3_ED2/Lab3_
      +                          asistente.X/SPI_config.c: 23:     TRISCbits.TRISC5 = 0;
   872  00F8  1683               	bsf	3,5	;RP0=1, select bank1
   873  00F9  1303               	bcf	3,6	;RP1=0, select bank1
   874  00FA  1287               	bcf	7,5	;volatile
   875                           
   876                           ;C:/Users/Andy Bonilla/Documents/GitHub/ED2/Lab3_ED2/Lab3_asistente.X/SPI_config.c: 24: 
      +                              if(sType & 0b00000100)
   877  00FB  1283               	bcf	3,5	;RP0=0, select bank0
   878  00FC  1303               	bcf	3,6	;RP1=0, select bank0
   879  00FD  1D23               	btfss	spiInit@sType,2
   880  00FE  2900               	goto	u121
   881  00FF  2901               	goto	u120
   882  0100                     u121:
   883  0100  2907               	goto	l1116
   884  0101                     u120:
   885  0101                     l1112:
   886                           
   887                           ;C:/Users/Andy Bonilla/Documents/GitHub/ED2/Lab3_ED2/Lab3_asistente.X/SPI_config.c: 25: 
      +                              {;C:/Users/Andy Bonilla/Documents/GitHub/ED2/Lab3_ED2/Lab3_asistente.X/SPI_config.c:
      +                           26:         SSPSTAT = sTransmitEdge;
   888  0101  0822               	movf	spiInit@sTransmitEdge,w
   889  0102  1683               	bsf	3,5	;RP0=1, select bank1
   890  0103  1303               	bcf	3,6	;RP1=0, select bank1
   891  0104  0094               	movwf	20	;volatile
   892  0105                     l1114:
   893                           
   894                           ;C:/Users/Andy Bonilla/Documents/GitHub/ED2/Lab3_ED2/Lab3_asistente.X/SPI_config.c: 27: 
      +                                  TRISC3 = 1;
   895  0105  1587               	bsf	7,3	;volatile
   896                           
   897                           ;C:/Users/Andy Bonilla/Documents/GitHub/ED2/Lab3_ED2/Lab3_asistente.X/SPI_config.c: 28: 
      +                              }
   898  0106  290D               	goto	l110
   899  0107                     l1116:
   900                           
   901                           ;C:/Users/Andy Bonilla/Documents/GitHub/ED2/Lab3_ED2/Lab3_asistente.X/SPI_config.c: 30: 
      +                              {;C:/Users/Andy Bonilla/Documents/GitHub/ED2/Lab3_ED2/Lab3_asistente.X/SPI_config.c:
      +                           31:         SSPSTAT = sDataSample | sTransmitEdge;
   902  0107  0820               	movf	spiInit@sDataSample,w
   903  0108  0422               	iorwf	spiInit@sTransmitEdge,w
   904  0109  1683               	bsf	3,5	;RP0=1, select bank1
   905  010A  1303               	bcf	3,6	;RP1=0, select bank1
   906  010B  0094               	movwf	20	;volatile
   907  010C                     l1118:
   908                           
   909                           ;C:/Users/Andy Bonilla/Documents/GitHub/ED2/Lab3_ED2/Lab3_asistente.X/SPI_config.c: 32: 
      +                                  TRISC3 = 0;
   910  010C  1187               	bcf	7,3	;volatile
   911  010D                     l110:	
   912                           ;C:/Users/Andy Bonilla/Documents/GitHub/ED2/Lab3_ED2/Lab3_asistente.X/SPI_config.c: 33: 
      +                              }
   913                           
   914                           
   915                           ;C:/Users/Andy Bonilla/Documents/GitHub/ED2/Lab3_ED2/Lab3_asistente.X/SPI_config.c: 35: 
      +                              SSPCON = sType | sClockIdle;
   916  010D  1283               	bcf	3,5	;RP0=0, select bank0
   917  010E  1303               	bcf	3,6	;RP1=0, select bank0
   918  010F  0823               	movf	spiInit@sType,w
   919  0110  0421               	iorwf	spiInit@sClockIdle,w
   920  0111  0094               	movwf	20	;volatile
   921  0112                     l111:
   922  0112  0008               	return
   923  0113                     __end_of_spiInit:
   924                           
   925                           	psect	text3
   926  00BC                     __ptext3:	
   927 ;; *************** function _osc_config *****************
   928 ;; Defined at:
   929 ;;		line 16 in file "C:/Users/Andy Bonilla/Documents/GitHub/ED2/Lab3_ED2/Lab3_asistente.X/Osc_config.c"
   930 ;; Parameters:    Size  Location     Type
   931 ;;  freq            1    wreg     unsigned char 
   932 ;; Auto vars:     Size  Location     Type
   933 ;;  freq            1    2[BANK0 ] unsigned char 
   934 ;; Return value:  Size  Location     Type
   935 ;;                  1    wreg      void 
   936 ;; Registers used:
   937 ;;		wreg, fsr0l, fsr0h, status,2, status,0
   938 ;; Tracked objects:
   939 ;;		On entry : 0/0
   940 ;;		On exit  : 0/0
   941 ;;		Unchanged: 0/0
   942 ;; Data sizes:     COMMON   BANK0   BANK1   BANK3   BANK2
   943 ;;      Params:         0       0       0       0       0
   944 ;;      Locals:         0       1       0       0       0
   945 ;;      Temps:          0       2       0       0       0
   946 ;;      Totals:         0       3       0       0       0
   947 ;;Total ram usage:        3 bytes
   948 ;; Hardware stack levels used:    1
   949 ;; Hardware stack levels required when called:    2
   950 ;; This function calls:
   951 ;;		Nothing
   952 ;; This function is called by:
   953 ;;		_setup
   954 ;; This function uses a non-reentrant model
   955 ;;
   956                           
   957                           
   958                           ;psect for function _osc_config
   959  00BC                     _osc_config:
   960                           
   961                           ;incstack = 0
   962                           ; Regs used in _osc_config: [wreg-fsr0h+status,2+status,0]
   963                           ;osc_config@freq stored from wreg
   964  00BC  1283               	bcf	3,5	;RP0=0, select bank0
   965  00BD  1303               	bcf	3,6	;RP1=0, select bank0
   966  00BE  00A2               	movwf	osc_config@freq
   967  00BF                     l916:
   968                           
   969                           ;C:/Users/Andy Bonilla/Documents/GitHub/ED2/Lab3_ED2/Lab3_asistente.X/Osc_config.c: 16: 
      +                          void osc_config(uint8_t freq);C:/Users/Andy Bonilla/Documents/GitHub/ED2/Lab3_ED2/Lab3_a
      +                          sistente.X/Osc_config.c: 17: {;C:/Users/Andy Bonilla/Documents/GitHub/ED2/Lab3_ED2/Lab3_
      +                          asistente.X/Osc_config.c: 18:     switch(freq)
   970  00BF  28DE               	goto	l936
   971  00C0                     l918:
   972                           
   973                           ;C:/Users/Andy Bonilla/Documents/GitHub/ED2/Lab3_ED2/Lab3_asistente.X/Osc_config.c: 21: 
      +                                      OSCCONbits.IRCF=0b100;
   974  00C0  1683               	bsf	3,5	;RP0=1, select bank1
   975  00C1  1303               	bcf	3,6	;RP1=0, select bank1
   976  00C2  080F               	movf	15,w	;volatile
   977  00C3  398F               	andlw	-113
   978  00C4  3840               	iorlw	64
   979  00C5  008F               	movwf	15	;volatile
   980  00C6                     l920:
   981                           
   982                           ;C:/Users/Andy Bonilla/Documents/GitHub/ED2/Lab3_ED2/Lab3_asistente.X/Osc_config.c: 22: 
      +                                      OSCCONbits.SCS=1;
   983  00C6  140F               	bsf	15,0	;volatile
   984                           
   985                           ;C:/Users/Andy Bonilla/Documents/GitHub/ED2/Lab3_ED2/Lab3_asistente.X/Osc_config.c: 23: 
      +                                      break;
   986  00C7  28F4               	goto	l94
   987  00C8                     l922:
   988                           
   989                           ;C:/Users/Andy Bonilla/Documents/GitHub/ED2/Lab3_ED2/Lab3_asistente.X/Osc_config.c: 26: 
      +                                      OSCCONbits.IRCF=0b101;
   990  00C8  1683               	bsf	3,5	;RP0=1, select bank1
   991  00C9  1303               	bcf	3,6	;RP1=0, select bank1
   992  00CA  080F               	movf	15,w	;volatile
   993  00CB  398F               	andlw	-113
   994  00CC  3850               	iorlw	80
   995  00CD  008F               	movwf	15	;volatile
   996  00CE                     l924:
   997                           
   998                           ;C:/Users/Andy Bonilla/Documents/GitHub/ED2/Lab3_ED2/Lab3_asistente.X/Osc_config.c: 27: 
      +                                      OSCCONbits.SCS=1;
   999  00CE  140F               	bsf	15,0	;volatile
  1000                           
  1001                           ;C:/Users/Andy Bonilla/Documents/GitHub/ED2/Lab3_ED2/Lab3_asistente.X/Osc_config.c: 28: 
      +                                      break;
  1002  00CF  28F4               	goto	l94
  1003  00D0                     l926:
  1004                           
  1005                           ;C:/Users/Andy Bonilla/Documents/GitHub/ED2/Lab3_ED2/Lab3_asistente.X/Osc_config.c: 31: 
      +                                      OSCCONbits.IRCF=0b110;
  1006  00D0  1683               	bsf	3,5	;RP0=1, select bank1
  1007  00D1  1303               	bcf	3,6	;RP1=0, select bank1
  1008  00D2  080F               	movf	15,w	;volatile
  1009  00D3  398F               	andlw	-113
  1010  00D4  3860               	iorlw	96
  1011  00D5  008F               	movwf	15	;volatile
  1012  00D6                     l928:
  1013                           
  1014                           ;C:/Users/Andy Bonilla/Documents/GitHub/ED2/Lab3_ED2/Lab3_asistente.X/Osc_config.c: 32: 
      +                                      OSCCONbits.SCS=1;
  1015  00D6  140F               	bsf	15,0	;volatile
  1016                           
  1017                           ;C:/Users/Andy Bonilla/Documents/GitHub/ED2/Lab3_ED2/Lab3_asistente.X/Osc_config.c: 33: 
      +                                      break;
  1018  00D7  28F4               	goto	l94
  1019  00D8                     l930:
  1020                           
  1021                           ;C:/Users/Andy Bonilla/Documents/GitHub/ED2/Lab3_ED2/Lab3_asistente.X/Osc_config.c: 36: 
      +                                      OSCCONbits.IRCF=0b111;
  1022  00D8  3070               	movlw	112
  1023  00D9  1683               	bsf	3,5	;RP0=1, select bank1
  1024  00DA  1303               	bcf	3,6	;RP1=0, select bank1
  1025  00DB  048F               	iorwf	15,f	;volatile
  1026  00DC                     l932:
  1027                           
  1028                           ;C:/Users/Andy Bonilla/Documents/GitHub/ED2/Lab3_ED2/Lab3_asistente.X/Osc_config.c: 37: 
      +                                      OSCCONbits.SCS=1;
  1029  00DC  140F               	bsf	15,0	;volatile
  1030                           
  1031                           ;C:/Users/Andy Bonilla/Documents/GitHub/ED2/Lab3_ED2/Lab3_asistente.X/Osc_config.c: 38: 
      +                                      break;
  1032  00DD  28F4               	goto	l94
  1033  00DE                     l936:
  1034  00DE  0822               	movf	osc_config@freq,w
  1035  00DF  00A0               	movwf	??_osc_config
  1036  00E0  01A1               	clrf	??_osc_config+1
  1037                           
  1038                           ; Switch on 2 bytes has been partitioned into a top level switch of size 1, and 1 sub-sw
      +                          itches
  1039                           ; Switch size 1, requested type "simple"
  1040                           ; Number of cases is 1, Range of values is 0 to 0
  1041                           ; switch strategies available:
  1042                           ; Name         Instructions Cycles
  1043                           ; simple_byte            4     3 (average)
  1044                           ; direct_byte           11     8 (fixed)
  1045                           ; jumptable            260     6 (fixed)
  1046                           ;	Chosen strategy is simple_byte
  1047  00E1  0821               	movf	??_osc_config+1,w
  1048  00E2  3A00               	xorlw	0	; case 0
  1049  00E3  1903               	skipnz
  1050  00E4  28E6               	goto	l1224
  1051  00E5  28F4               	goto	l94
  1052  00E6                     l1224:
  1053                           
  1054                           ; Switch size 1, requested type "simple"
  1055                           ; Number of cases is 4, Range of values is 1 to 8
  1056                           ; switch strategies available:
  1057                           ; Name         Instructions Cycles
  1058                           ; simple_byte           13     7 (average)
  1059                           ; direct_byte           35    11 (fixed)
  1060                           ; jumptable            263     9 (fixed)
  1061                           ;	Chosen strategy is simple_byte
  1062  00E6  0820               	movf	??_osc_config,w
  1063  00E7  3A01               	xorlw	1	; case 1
  1064  00E8  1903               	skipnz
  1065  00E9  28C0               	goto	l918
  1066  00EA  3A03               	xorlw	3	; case 2
  1067  00EB  1903               	skipnz
  1068  00EC  28C8               	goto	l922
  1069  00ED  3A06               	xorlw	6	; case 4
  1070  00EE  1903               	skipnz
  1071  00EF  28D0               	goto	l926
  1072  00F0  3A0C               	xorlw	12	; case 8
  1073  00F1  1903               	skipnz
  1074  00F2  28D8               	goto	l930
  1075  00F3  28F4               	goto	l94
  1076  00F4                     l94:
  1077  00F4  0008               	return
  1078  00F5                     __end_of_osc_config:
  1079                           
  1080                           	psect	text4
  1081  0113                     __ptext4:	
  1082 ;; *************** function _ADC_config *****************
  1083 ;; Defined at:
  1084 ;;		line 22 in file "C:/Users/Andy Bonilla/Documents/GitHub/ED2/Lab3_ED2/Lab3_asistente.X/ADC_CONFIG.c"
  1085 ;; Parameters:    Size  Location     Type
  1086 ;;		None
  1087 ;; Auto vars:     Size  Location     Type
  1088 ;;		None
  1089 ;; Return value:  Size  Location     Type
  1090 ;;                  1    wreg      void 
  1091 ;; Registers used:
  1092 ;;		wreg, status,2, status,0
  1093 ;; Tracked objects:
  1094 ;;		On entry : 0/0
  1095 ;;		On exit  : 0/0
  1096 ;;		Unchanged: 0/0
  1097 ;; Data sizes:     COMMON   BANK0   BANK1   BANK3   BANK2
  1098 ;;      Params:         0       0       0       0       0
  1099 ;;      Locals:         0       0       0       0       0
  1100 ;;      Temps:          0       1       0       0       0
  1101 ;;      Totals:         0       1       0       0       0
  1102 ;;Total ram usage:        1 bytes
  1103 ;; Hardware stack levels used:    1
  1104 ;; Hardware stack levels required when called:    2
  1105 ;; This function calls:
  1106 ;;		Nothing
  1107 ;; This function is called by:
  1108 ;;		_setup
  1109 ;; This function uses a non-reentrant model
  1110 ;;
  1111                           
  1112                           
  1113                           ;psect for function _ADC_config
  1114  0113                     _ADC_config:
  1115  0113                     l944:	
  1116                           ;incstack = 0
  1117                           ; Regs used in _ADC_config: [wreg+status,2+status,0]
  1118                           
  1119                           
  1120                           ;C:/Users/Andy Bonilla/Documents/GitHub/ED2/Lab3_ED2/Lab3_asistente.X/ADC_CONFIG.c: 25: 
      +                              ADCON1bits.ADFM = 0 ;
  1121  0113  1683               	bsf	3,5	;RP0=1, select bank1
  1122  0114  1303               	bcf	3,6	;RP1=0, select bank1
  1123  0115  139F               	bcf	31,7	;volatile
  1124                           
  1125                           ;C:/Users/Andy Bonilla/Documents/GitHub/ED2/Lab3_ED2/Lab3_asistente.X/ADC_CONFIG.c: 26: 
      +                              ADCON1bits.VCFG0 = 0 ;
  1126  0116  121F               	bcf	31,4	;volatile
  1127                           
  1128                           ;C:/Users/Andy Bonilla/Documents/GitHub/ED2/Lab3_ED2/Lab3_asistente.X/ADC_CONFIG.c: 27: 
      +                              ADCON1bits.VCFG1 = 0 ;
  1129  0117  129F               	bcf	31,5	;volatile
  1130  0118                     l946:
  1131                           
  1132                           ;C:/Users/Andy Bonilla/Documents/GitHub/ED2/Lab3_ED2/Lab3_asistente.X/ADC_CONFIG.c: 29: 
      +                              ADCON0bits.ADCS = 0b01;
  1133  0118  1283               	bcf	3,5	;RP0=0, select bank0
  1134  0119  1303               	bcf	3,6	;RP1=0, select bank0
  1135  011A  081F               	movf	31,w	;volatile
  1136  011B  393F               	andlw	-193
  1137  011C  3840               	iorlw	64
  1138  011D  009F               	movwf	31	;volatile
  1139                           
  1140                           ;C:/Users/Andy Bonilla/Documents/GitHub/ED2/Lab3_ED2/Lab3_asistente.X/ADC_CONFIG.c: 30: 
      +                              ADCON0bits.CHS = 0;
  1141  011E  30C3               	movlw	-61
  1142  011F  059F               	andwf	31,f	;volatile
  1143  0120                     l948:
  1144                           
  1145                           ;C:/Users/Andy Bonilla/Documents/GitHub/ED2/Lab3_ED2/Lab3_asistente.X/ADC_CONFIG.c: 31: 
      +                              _delay((unsigned long)((50)*(4000000/4000000.0)));
  1146  0120  300F               	movlw	15
  1147  0121  1283               	bcf	3,5	;RP0=0, select bank0
  1148  0122  1303               	bcf	3,6	;RP1=0, select bank0
  1149  0123  00A0               	movwf	??_ADC_config
  1150  0124                     u147:
  1151  0124  0BA0               	decfsz	??_ADC_config,f
  1152  0125  2924               	goto	u147
  1153  0126  2927               	nop2
  1154  0127                     l950:
  1155                           
  1156                           ;C:/Users/Andy Bonilla/Documents/GitHub/ED2/Lab3_ED2/Lab3_asistente.X/ADC_CONFIG.c: 32: 
      +                              ADCON0bits.ADON = 1 ;
  1157  0127  1283               	bcf	3,5	;RP0=0, select bank0
  1158  0128  1303               	bcf	3,6	;RP1=0, select bank0
  1159  0129  141F               	bsf	31,0	;volatile
  1160  012A                     l83:
  1161  012A  0008               	return
  1162  012B                     __end_of_ADC_config:
  1163                           
  1164                           	psect	text5
  1165  001B                     __ptext5:	
  1166 ;; *************** function _isr *****************
  1167 ;; Defined at:
  1168 ;;		line 61 in file "Main_asistente.c"
  1169 ;; Parameters:    Size  Location     Type
  1170 ;;		None
  1171 ;; Auto vars:     Size  Location     Type
  1172 ;;		None
  1173 ;; Return value:  Size  Location     Type
  1174 ;;                  1    wreg      void 
  1175 ;; Registers used:
  1176 ;;		wreg, fsr0l, fsr0h, status,2, status,0, pclath, cstack
  1177 ;; Tracked objects:
  1178 ;;		On entry : 0/0
  1179 ;;		On exit  : 0/0
  1180 ;;		Unchanged: 0/0
  1181 ;; Data sizes:     COMMON   BANK0   BANK1   BANK3   BANK2
  1182 ;;      Params:         0       0       0       0       0
  1183 ;;      Locals:         0       0       0       0       0
  1184 ;;      Temps:          6       0       0       0       0
  1185 ;;      Totals:         6       0       0       0       0
  1186 ;;Total ram usage:        6 bytes
  1187 ;; Hardware stack levels used:    1
  1188 ;; Hardware stack levels required when called:    1
  1189 ;; This function calls:
  1190 ;;		_spiWrite
  1191 ;; This function is called by:
  1192 ;;		Interrupt level 1
  1193 ;; This function uses a non-reentrant model
  1194 ;;
  1195                           
  1196                           
  1197                           ;psect for function _isr
  1198  001B                     _isr:
  1199  001B                     i1l1010:
  1200                           
  1201                           ;Main_asistente.c: 64:     if (INTCONbits.T0IF)
  1202  001B  1D0B               	btfss	11,2	;volatile
  1203  001C  281E               	goto	u8_21
  1204  001D  281F               	goto	u8_20
  1205  001E                     u8_21:
  1206  001E  282C               	goto	i1l1018
  1207  001F                     u8_20:
  1208  001F                     i1l1012:
  1209                           
  1210                           ;Main_asistente.c: 65:     {;Main_asistente.c: 66:         cuenta1_timer0++;
  1211  001F  3001               	movlw	1
  1212  0020  00F1               	movwf	??_isr
  1213  0021  0871               	movf	??_isr,w
  1214  0022  07F9               	addwf	_cuenta1_timer0,f
  1215                           
  1216                           ;Main_asistente.c: 67:         cuenta2_timer0++;
  1217  0023  3001               	movlw	1
  1218  0024  00F1               	movwf	??_isr
  1219  0025  0871               	movf	??_isr,w
  1220  0026  07F8               	addwf	_cuenta2_timer0,f
  1221  0027                     i1l1014:
  1222                           
  1223                           ;Main_asistente.c: 68:         INTCONbits.T0IF=0;
  1224  0027  110B               	bcf	11,2	;volatile
  1225  0028                     i1l1016:
  1226                           
  1227                           ;Main_asistente.c: 69:         TMR0 = 255;
  1228  0028  30FF               	movlw	255
  1229  0029  1283               	bcf	3,5	;RP0=0, select bank0
  1230  002A  1303               	bcf	3,6	;RP1=0, select bank0
  1231  002B  0081               	movwf	1	;volatile
  1232  002C                     i1l1018:
  1233                           
  1234                           ;Main_asistente.c: 73:     if (PIR1bits.SSPIF)
  1235  002C  1283               	bcf	3,5	;RP0=0, select bank0
  1236  002D  1303               	bcf	3,6	;RP1=0, select bank0
  1237  002E  1D8C               	btfss	12,3	;volatile
  1238  002F  2831               	goto	u9_21
  1239  0030  2832               	goto	u9_20
  1240  0031                     u9_21:
  1241  0031  283B               	goto	i1l1024
  1242  0032                     u9_20:
  1243  0032                     i1l1020:
  1244                           
  1245                           ;Main_asistente.c: 74:     {;Main_asistente.c: 76:         spiWrite(PORTB);
  1246  0032  0806               	movf	6,w	;volatile
  1247  0033  120A  118A  2140  120A  118A  	fcall	_spiWrite
  1248  0038                     i1l1022:
  1249                           
  1250                           ;Main_asistente.c: 77:         PIR1bits.SSPIF=0;
  1251  0038  1283               	bcf	3,5	;RP0=0, select bank0
  1252  0039  1303               	bcf	3,6	;RP1=0, select bank0
  1253  003A  118C               	bcf	12,3	;volatile
  1254  003B                     i1l1024:
  1255                           
  1256                           ;Main_asistente.c: 81:     if (PIR1bits.ADIF)
  1257  003B  1F0C               	btfss	12,6	;volatile
  1258  003C  283E               	goto	u10_21
  1259  003D  283F               	goto	u10_20
  1260  003E                     u10_21:
  1261  003E  2870               	goto	i1l63
  1262  003F                     u10_20:
  1263  003F                     i1l1026:
  1264                           
  1265                           ;Main_asistente.c: 82:     {;Main_asistente.c: 83:         if (ADCON0bits.GO==0)
  1266  003F  189F               	btfsc	31,1	;volatile
  1267  0040  2842               	goto	u11_21
  1268  0041  2843               	goto	u11_20
  1269  0042                     u11_21:
  1270  0042  2867               	goto	i1l1042
  1271  0043                     u11_20:
  1272  0043  2854               	goto	i1l1040
  1273  0044                     i1l1030:
  1274                           
  1275                           ;Main_asistente.c: 88:                     conversion1=ADRESH;
  1276  0044  081E               	movf	30,w	;volatile
  1277  0045  00F1               	movwf	??_isr
  1278  0046  0871               	movf	??_isr,w
  1279  0047  00A5               	movwf	_conversion1
  1280  0048                     i1l1032:
  1281                           
  1282                           ;Main_asistente.c: 89:                     ADCON0bits.CHS=1;
  1283  0048  081F               	movf	31,w	;volatile
  1284  0049  39C3               	andlw	-61
  1285  004A  3804               	iorlw	4
  1286  004B  009F               	movwf	31	;volatile
  1287                           
  1288                           ;Main_asistente.c: 90:                     break;
  1289  004C  2867               	goto	i1l1042
  1290  004D                     i1l1034:
  1291                           
  1292                           ;Main_asistente.c: 93:                     conversion2=ADRESH;
  1293  004D  081E               	movf	30,w	;volatile
  1294  004E  00F1               	movwf	??_isr
  1295  004F  0871               	movf	??_isr,w
  1296  0050  00F7               	movwf	_conversion2
  1297  0051                     i1l1036:
  1298                           
  1299                           ;Main_asistente.c: 94:                     ADCON0bits.CHS=0;
  1300  0051  30C3               	movlw	-61
  1301  0052  059F               	andwf	31,f	;volatile
  1302                           
  1303                           ;Main_asistente.c: 95:                     break;
  1304  0053  2867               	goto	i1l1042
  1305  0054                     i1l1040:
  1306  0054  0C1F               	rrf	31,w	;volatile
  1307  0055  00F1               	movwf	??_isr
  1308  0056  0C71               	rrf	??_isr,w
  1309  0057  390F               	andlw	15
  1310  0058  00F2               	movwf	??_isr+1
  1311  0059  01F3               	clrf	??_isr+2
  1312                           
  1313                           ; Switch on 2 bytes has been partitioned into a top level switch of size 1, and 1 sub-sw
      +                          itches
  1314                           ; Switch size 1, requested type "simple"
  1315                           ; Number of cases is 1, Range of values is 0 to 0
  1316                           ; switch strategies available:
  1317                           ; Name         Instructions Cycles
  1318                           ; simple_byte            4     3 (average)
  1319                           ; direct_byte           11     8 (fixed)
  1320                           ; jumptable            260     6 (fixed)
  1321                           ;	Chosen strategy is simple_byte
  1322  005A  0873               	movf	??_isr+2,w
  1323  005B  3A00               	xorlw	0	; case 0
  1324  005C  1903               	skipnz
  1325  005D  285F               	goto	i1l1226
  1326  005E  2867               	goto	i1l1042
  1327  005F                     i1l1226:
  1328                           
  1329                           ; Switch size 1, requested type "simple"
  1330                           ; Number of cases is 2, Range of values is 0 to 1
  1331                           ; switch strategies available:
  1332                           ; Name         Instructions Cycles
  1333                           ; simple_byte            7     4 (average)
  1334                           ; direct_byte           14     8 (fixed)
  1335                           ; jumptable            260     6 (fixed)
  1336                           ;	Chosen strategy is simple_byte
  1337  005F  0872               	movf	??_isr+1,w
  1338  0060  3A00               	xorlw	0	; case 0
  1339  0061  1903               	skipnz
  1340  0062  2844               	goto	i1l1030
  1341  0063  3A01               	xorlw	1	; case 1
  1342  0064  1903               	skipnz
  1343  0065  284D               	goto	i1l1034
  1344  0066  2867               	goto	i1l1042
  1345  0067                     i1l1042:
  1346                           
  1347                           ;Main_asistente.c: 98:         _delay((unsigned long)((50)*(4000000/4000000.0)));
  1348  0067  3010               	movlw	16
  1349  0068  00F1               	movwf	??_isr
  1350  0069                     u15_27:
  1351  0069  0BF1               	decfsz	??_isr,f
  1352  006A  2869               	goto	u15_27
  1353  006B  0000               	nop
  1354  006C                     i1l1044:
  1355                           
  1356                           ;Main_asistente.c: 99:         ADCON0bits.GO=1;
  1357  006C  1283               	bcf	3,5	;RP0=0, select bank0
  1358  006D  1303               	bcf	3,6	;RP1=0, select bank0
  1359  006E  149F               	bsf	31,1	;volatile
  1360  006F                     i1l1046:
  1361                           
  1362                           ;Main_asistente.c: 100:         PIR1bits.ADIF=0;
  1363  006F  130C               	bcf	12,6	;volatile
  1364  0070                     i1l63:
  1365  0070  0876               	movf	??_isr+5,w
  1366  0071  008A               	movwf	10
  1367  0072  0875               	movf	??_isr+4,w
  1368  0073  0084               	movwf	4
  1369  0074  0E74               	swapf	??_isr+3,w
  1370  0075  0083               	movwf	3
  1371  0076  0EFE               	swapf	btemp,f
  1372  0077  0E7E               	swapf	btemp,w
  1373  0078  0009               	retfie
  1374  0079                     __end_of_isr:
  1375                           
  1376                           	psect	intentry
  1377  0004                     __pintentry:	
  1378                           ;incstack = 0
  1379                           ; Regs used in _isr: [wreg-fsr0h+status,2+status,0+pclath+cstack]
  1380                           
  1381  0004                     interrupt_function:
  1382  007E                     saved_w	set	btemp
  1383  0004  00FE               	movwf	btemp
  1384  0005  0E03               	swapf	3,w
  1385  0006  00F4               	movwf	??_isr+3
  1386  0007  0804               	movf	4,w
  1387  0008  00F5               	movwf	??_isr+4
  1388  0009  080A               	movf	10,w
  1389  000A  00F6               	movwf	??_isr+5
  1390  000B  120A  118A  281B   	ljmp	_isr
  1391                           
  1392                           	psect	text6
  1393  0140                     __ptext6:	
  1394 ;; *************** function _spiWrite *****************
  1395 ;; Defined at:
  1396 ;;		line 43 in file "C:/Users/Andy Bonilla/Documents/GitHub/ED2/Lab3_ED2/Lab3_asistente.X/SPI_config.c"
  1397 ;; Parameters:    Size  Location     Type
  1398 ;;  dat             1    wreg     unsigned char 
  1399 ;; Auto vars:     Size  Location     Type
  1400 ;;  dat             1    0[COMMON] unsigned char 
  1401 ;; Return value:  Size  Location     Type
  1402 ;;                  1    wreg      void 
  1403 ;; Registers used:
  1404 ;;		wreg
  1405 ;; Tracked objects:
  1406 ;;		On entry : 0/0
  1407 ;;		On exit  : 0/0
  1408 ;;		Unchanged: 0/0
  1409 ;; Data sizes:     COMMON   BANK0   BANK1   BANK3   BANK2
  1410 ;;      Params:         0       0       0       0       0
  1411 ;;      Locals:         1       0       0       0       0
  1412 ;;      Temps:          0       0       0       0       0
  1413 ;;      Totals:         1       0       0       0       0
  1414 ;;Total ram usage:        1 bytes
  1415 ;; Hardware stack levels used:    1
  1416 ;; This function calls:
  1417 ;;		Nothing
  1418 ;; This function is called by:
  1419 ;;		_isr
  1420 ;; This function uses a non-reentrant model
  1421 ;;
  1422                           
  1423                           
  1424                           ;psect for function _spiWrite
  1425  0140                     _spiWrite:
  1426                           
  1427                           ;incstack = 0
  1428                           ; Regs used in _spiWrite: [wreg]
  1429                           ;spiWrite@dat stored from wreg
  1430  0140  00F0               	movwf	spiWrite@dat
  1431  0141                     i1l962:
  1432                           
  1433                           ;C:/Users/Andy Bonilla/Documents/GitHub/ED2/Lab3_ED2/Lab3_asistente.X/SPI_config.c: 43: 
      +                          void spiWrite(char dat);C:/Users/Andy Bonilla/Documents/GitHub/ED2/Lab3_ED2/Lab3_asisten
      +                          te.X/SPI_config.c: 44: {;C:/Users/Andy Bonilla/Documents/GitHub/ED2/Lab3_ED2/Lab3_asiste
      +                          nte.X/SPI_config.c: 45:     SSPBUF = dat;
  1434  0141  0870               	movf	spiWrite@dat,w
  1435  0142  1283               	bcf	3,5	;RP0=0, select bank0
  1436  0143  1303               	bcf	3,6	;RP1=0, select bank0
  1437  0144  0093               	movwf	19	;volatile
  1438  0145                     i1l120:
  1439  0145  0008               	return
  1440  0146                     __end_of_spiWrite:
  1441  007E                     btemp	set	126	;btemp
  1442  007E                     wtemp0	set	126
  1443                           
  1444                           	psect	config
  1445                           
  1446                           ;Config register CONFIG1 @ 0x2007
  1447                           ;	Oscillator Selection bits
  1448                           ;	FOSC = INTRC_NOCLKOUT, INTOSCIO oscillator: I/O function on RA6/OSC2/CLKOUT pin, I/O f
      +                          unction on RA7/OSC1/CLKIN
  1449                           ;	Watchdog Timer Enable bit
  1450                           ;	WDTE = OFF, WDT disabled and can be enabled by SWDTEN bit of the WDTCON register
  1451                           ;	Power-up Timer Enable bit
  1452                           ;	PWRTE = OFF, PWRT disabled
  1453                           ;	RE3/MCLR pin function select bit
  1454                           ;	MCLRE = OFF, RE3/MCLR pin function is digital input, MCLR internally tied to VDD
  1455                           ;	Code Protection bit
  1456                           ;	CP = OFF, Program memory code protection is disabled
  1457                           ;	Data Code Protection bit
  1458                           ;	CPD = OFF, Data memory code protection is disabled
  1459                           ;	Brown Out Reset Selection bits
  1460                           ;	BOREN = OFF, BOR disabled
  1461                           ;	Internal External Switchover bit
  1462                           ;	IESO = OFF, Internal/External Switchover mode is disabled
  1463                           ;	Fail-Safe Clock Monitor Enabled bit
  1464                           ;	FCMEN = OFF, Fail-Safe Clock Monitor is disabled
  1465                           ;	Low Voltage Programming Enable bit
  1466                           ;	LVP = OFF, RB3 pin has digital I/O, HV on MCLR must be used for programming
  1467                           ;	In-Circuit Debugger Mode bit
  1468                           ;	DEBUG = 0x1, unprogrammed default
  1469  2007                     	org	8199
  1470  2007  20D4               	dw	8404
  1471                           
  1472                           ;Config register CONFIG2 @ 0x2008
  1473                           ;	Brown-out Reset Selection bit
  1474                           ;	BOR4V = BOR40V, Brown-out Reset set to 4.0V
  1475                           ;	Flash Program Memory Self Write Enable bits
  1476                           ;	WRT = OFF, Write protection off
  1477  2008                     	org	8200
  1478  2008  3FFF               	dw	16383

Data Sizes:
    Strings     0
    Constant    0
    Data        0
    BSS         4
    Persistent  0
    Stack       0

Auto Spaces:
    Space          Size  Autos    Used
    COMMON           14      7      10
    BANK0            80      5       6
    BANK1            80      0       0
    BANK3            96      0       0
    BANK2            96      0       0

Pointer List with Targets:

    None.

Critical Paths under _main in COMMON

    None.

Critical Paths under _isr in COMMON

    _isr->_spiWrite

Critical Paths under _main in BANK0

    _setup->_spiInit

Critical Paths under _isr in BANK0

    None.

Critical Paths under _main in BANK1

    None.

Critical Paths under _isr in BANK1

    None.

Critical Paths under _main in BANK3

    None.

Critical Paths under _isr in BANK3

    None.

Critical Paths under _main in BANK2

    None.

Critical Paths under _isr in BANK2

    None.

Call Graph Tables:

 ---------------------------------------------------------------------------------
 (Depth) Function   	        Calls       Base Space   Used Autos Params    Refs
 ---------------------------------------------------------------------------------
 (0) _main                                                 1     1      0     478
                                              4 BANK0      1     1      0
                              _setup
 ---------------------------------------------------------------------------------
 (1) _setup                                                0     0      0     478
                         _ADC_config
                         _osc_config
                            _spiInit
 ---------------------------------------------------------------------------------
 (2) _spiInit                                              4     1      3     456
                                              0 BANK0      4     1      3
 ---------------------------------------------------------------------------------
 (2) _osc_config                                           3     3      0      22
                                              0 BANK0      3     3      0
 ---------------------------------------------------------------------------------
 (2) _ADC_config                                           1     1      0       0
                                              0 BANK0      1     1      0
 ---------------------------------------------------------------------------------
 Estimated maximum stack depth 2
 ---------------------------------------------------------------------------------
 (Depth) Function   	        Calls       Base Space   Used Autos Params    Refs
 ---------------------------------------------------------------------------------
 (3) _isr                                                  6     6      0      22
                                              1 COMMON     6     6      0
                           _spiWrite
 ---------------------------------------------------------------------------------
 (4) _spiWrite                                             1     1      0      22
                                              0 COMMON     1     1      0
 ---------------------------------------------------------------------------------
 Estimated maximum stack depth 4
 ---------------------------------------------------------------------------------

 Call Graph Graphs:

 _main (ROOT)
   _setup
     _ADC_config
     _osc_config
     _spiInit

 _isr (ROOT)
   _spiWrite

 Address spaces:
Name               Size   Autos  Total    Cost      Usage
BITCOMMON            E      0       0       0        0.0%
EEDATA             100      0       0       0        0.0%
NULL                 0      0       0       0        0.0%
CODE                 0      0       0       0        0.0%
COMMON               E      7       A       1       71.4%
BITSFR0              0      0       0       1        0.0%
SFR0                 0      0       0       1        0.0%
BITSFR1              0      0       0       2        0.0%
SFR1                 0      0       0       2        0.0%
STACK                0      0       0       2        0.0%
ABS                  0      0      10       3        0.0%
BITBANK0            50      0       0       4        0.0%
BITSFR3              0      0       0       4        0.0%
SFR3                 0      0       0       4        0.0%
BANK0               50      5       6       5        7.5%
BITSFR2              0      0       0       5        0.0%
SFR2                 0      0       0       5        0.0%
BITBANK1            50      0       0       6        0.0%
BANK1               50      0       0       7        0.0%
BITBANK3            60      0       0       8        0.0%
BANK3               60      0       0       9        0.0%
BITBANK2            60      0       0      10        0.0%
BANK2               60      0       0      11        0.0%
DATA                 0      0      10      12        0.0%


Microchip Technology PIC Macro Assembler V2.31 build 20201012212115 
Symbol Table                                                                                   Sun Aug 01 16:42:33 2021

            _SSPSTATbits 0094                       l74 00BB                       l83 012A  
                     l94 00F4                      l110 010D                      l111 0112  
                    l920 00C6                      l930 00D8                      l922 00C8  
                    l932 00DC                      l924 00CE                      l916 00BF  
                    l950 0127                      l926 00D0                      l918 00C0  
                    l944 0113                      l928 00D6                      l936 00DE  
                    l946 0118                      l948 0120                      u120 0101  
                    u121 0100                      u137 0134                      u147 0124  
                    _isr 001B                      fsr0 0004      __size_of_ADC_config 0018  
                   l1110 00F8                     l1112 0101                     l1120 0079  
                   l1114 0105                     l1130 0083                     l1122 007D  
                   l1116 0107                     l1140 0090                     l1132 008A  
                   l1124 007E                     l1118 010C                     l1150 00A1  
                   l1142 0091                     l1134 008D                     l1126 007F  
                   l1224 00E6                     l1160 00B2                     l1152 00AC  
                   l1144 0092                     l1136 008E                     l1128 0082  
                   l1162 00B5                     l1154 00AD                     l1146 0096  
                   l1138 008F                     l1170 0137                     l1164 00B8  
                   l1156 00AE                     l1148 009C                     l1172 013A  
                   l1158 00AF                     l1166 012B                     l1168 0130  
                   ?_isr 0070                     i1l63 0070                     _TMR0 0001  
                   u8_20 001F                     u8_21 001E                     u9_20 0032  
                   u9_21 0031                     _main 012B           _cuenta1_timer0 0079  
                   btemp 007E           _cuenta2_timer0 0078                     start 000E  
         osc_config@freq 0022                    ??_isr 0071                    ?_main 0070  
                  _ANSEL 0188                    i1l120 0145                    i1l962 0141  
                  u10_20 003F                    u10_21 003E                    u11_20 0043  
                  u11_21 0042                    u15_27 0069                    _PORTB 0006  
                  _PORTD 0008                    _TRISB 0086                    _TRISD 0088  
                  _setup 0079                    pclath 000A          __end_of_spiInit 0113  
                  status 0003                    wtemp0 007E          __initialization 0011  
           __end_of_main 0140                   ??_main 0024                   _ADRESH 001E  
                 ?_setup 0070                   _ANSELH 0189                   i1l1010 001B  
                 i1l1020 0032                   i1l1012 001F                   i1l1030 0044  
                 i1l1022 0038                   i1l1014 0027                   i1l1032 0048  
                 i1l1040 0054                   i1l1024 003B                   i1l1016 0028  
                 i1l1034 004D                   i1l1042 0067                   i1l1026 003F  
                 i1l1018 002C                   i1l1044 006C                   i1l1036 0051  
                 i1l1046 006F                   i1l1226 005F                   _TRISC3 043B  
                 _SSPCON 0014                   _SSPBUF 0013             ??_ADC_config 0020  
                 saved_w 007E         __end_of_spiWrite 0146                ??_spiInit 0023  
     __end_of_ADC_config 012B  __end_of__initialization 0017           __pcstackCOMMON 0070  
          __end_of_setup 00BC           _OPTION_REGbits 0081                  ??_setup 0024  
             __pbssBANK0 0025               __pmaintext 012B               __pintentry 0004  
                _SSPSTAT 0094                ?_spiWrite 0070                _ANSELbits 0188  
                __ptext1 0079                  __ptext2 00F5                  __ptext3 00BC  
                __ptext4 0113                  __ptext5 001B                  __ptext6 0140  
           __size_of_isr 005E                  _spiInit 00F5     end_of_initialization 0017  
             _osc_config 00BC               ??_spiWrite 0070                _TRISAbits 0085  
              _TRISCbits 0087              spiWrite@dat 0070      start_initialization 0011  
            __end_of_isr 0079              ?_osc_config 0070              __pbssCOMMON 0077  
              ___latbits 0002            __pcstackBANK0 0020        __size_of_spiWrite 0006  
    __size_of_osc_config 0039                 ?_spiInit 0020           __size_of_setup 0043  
   spiInit@sTransmitEdge 0022        interrupt_function 0004                 _PIE1bits 008C  
     spiInit@sDataSample 0020                 _PIR1bits 000C               _ADCON0bits 001F  
             _ADCON1bits 009F              _conversion1 0025              _conversion2 0077  
             _ADC_config 0113         __size_of_spiInit 001E             ??_osc_config 0020  
          __size_of_main 0015                 _spiWrite 0140             spiInit@sType 0023  
      spiInit@sClockIdle 0021               _INTCONbits 000B       __end_of_osc_config 00F5  
               intlevel1 0000               _OSCCONbits 008F              ?_ADC_config 0070  
